{"D:\\React-POC\\react-ts-redux-saga-master\\src\\config.ts": {"path":"D:\\React-POC\\react-ts-redux-saga-master\\src\\config.ts","statementMap":{"0":{"start":{"line":2,"column":32},"end":{"line":2,"column":56}}},"fnMap":{},"branchMap":{},"s":{"0":0},"f":{},"b":{},"hash":"08ee3abb1880c6a968e3a245d3043285adbed477"}
,"D:\\React-POC\\react-ts-redux-saga-master\\src\\index.tsx": {"path":"D:\\React-POC\\react-ts-redux-saga-master\\src\\index.tsx","statementMap":{"0":{"start":{"line":11,"column":0},"end":{"line":14,"column":50}},"1":{"start":{"line":19,"column":0},"end":{"line":19,"column":27}}},"fnMap":{},"branchMap":{},"s":{"0":0,"1":0},"f":{},"b":{},"hash":"26b2e61f3e502cb25d42521658b98f731ff7a378"}
,"D:\\React-POC\\react-ts-redux-saga-master\\src\\serviceWorker.ts": {"path":"D:\\React-POC\\react-ts-redux-saga-master\\src\\serviceWorker.ts","statementMap":{"0":{"start":{"line":13,"column":20},"end":{"line":21,"column":1}},"1":{"start":{"line":29,"column":2},"end":{"line":62,"column":3}},"2":{"start":{"line":31,"column":22},"end":{"line":34,"column":5}},"3":{"start":{"line":35,"column":4},"end":{"line":40,"column":5}},"4":{"start":{"line":39,"column":6},"end":{"line":39,"column":13}},"5":{"start":{"line":42,"column":4},"end":{"line":61,"column":7}},"6":{"start":{"line":43,"column":20},"end":{"line":43,"column":65}},"7":{"start":{"line":45,"column":6},"end":{"line":60,"column":7}},"8":{"start":{"line":47,"column":8},"end":{"line":47,"column":47}},"9":{"start":{"line":51,"column":8},"end":{"line":56,"column":11}},"10":{"start":{"line":52,"column":10},"end":{"line":55,"column":12}},"11":{"start":{"line":59,"column":8},"end":{"line":59,"column":39}},"12":{"start":{"line":66,"column":2},"end":{"line":106,"column":7}},"13":{"start":{"line":69,"column":6},"end":{"line":102,"column":8}},"14":{"start":{"line":70,"column":33},"end":{"line":70,"column":56}},"15":{"start":{"line":71,"column":8},"end":{"line":73,"column":9}},"16":{"start":{"line":72,"column":10},"end":{"line":72,"column":17}},"17":{"start":{"line":74,"column":8},"end":{"line":101,"column":10}},"18":{"start":{"line":75,"column":10},"end":{"line":100,"column":11}},"19":{"start":{"line":76,"column":12},"end":{"line":99,"column":13}},"20":{"start":{"line":80,"column":14},"end":{"line":83,"column":16}},"21":{"start":{"line":86,"column":14},"end":{"line":88,"column":15}},"22":{"start":{"line":87,"column":16},"end":{"line":87,"column":46}},"23":{"start":{"line":93,"column":14},"end":{"line":93,"column":64}},"24":{"start":{"line":96,"column":14},"end":{"line":98,"column":15}},"25":{"start":{"line":97,"column":16},"end":{"line":97,"column":47}},"26":{"start":{"line":105,"column":6},"end":{"line":105,"column":72}},"27":{"start":{"line":111,"column":2},"end":{"line":136,"column":7}},"28":{"start":{"line":116,"column":26},"end":{"line":116,"column":62}},"29":{"start":{"line":117,"column":6},"end":{"line":130,"column":7}},"30":{"start":{"line":122,"column":8},"end":{"line":126,"column":11}},"31":{"start":{"line":123,"column":10},"end":{"line":125,"column":13}},"32":{"start":{"line":124,"column":12},"end":{"line":124,"column":37}},"33":{"start":{"line":129,"column":8},"end":{"line":129,"column":39}},"34":{"start":{"line":133,"column":6},"end":{"line":135,"column":8}},"35":{"start":{"line":140,"column":2},"end":{"line":144,"column":3}},"36":{"start":{"line":141,"column":4},"end":{"line":143,"column":7}},"37":{"start":{"line":142,"column":6},"end":{"line":142,"column":32}}},"fnMap":{"0":{"name":"register","decl":{"start":{"line":28,"column":16},"end":{"line":28,"column":24}},"loc":{"start":{"line":28,"column":42},"end":{"line":63,"column":1}},"line":28},"1":{"name":"(anonymous_1)","decl":{"start":{"line":42,"column":36},"end":{"line":42,"column":37}},"loc":{"start":{"line":42,"column":42},"end":{"line":61,"column":5}},"line":42},"2":{"name":"(anonymous_2)","decl":{"start":{"line":51,"column":43},"end":{"line":51,"column":44}},"loc":{"start":{"line":51,"column":49},"end":{"line":56,"column":9}},"line":51},"3":{"name":"registerValidSW","decl":{"start":{"line":65,"column":9},"end":{"line":65,"column":24}},"loc":{"start":{"line":65,"column":57},"end":{"line":107,"column":1}},"line":65},"4":{"name":"(anonymous_4)","decl":{"start":{"line":68,"column":10},"end":{"line":68,"column":11}},"loc":{"start":{"line":68,"column":26},"end":{"line":103,"column":5}},"line":68},"5":{"name":"(anonymous_5)","decl":{"start":{"line":69,"column":35},"end":{"line":69,"column":36}},"loc":{"start":{"line":69,"column":41},"end":{"line":102,"column":7}},"line":69},"6":{"name":"(anonymous_6)","decl":{"start":{"line":74,"column":41},"end":{"line":74,"column":42}},"loc":{"start":{"line":74,"column":47},"end":{"line":101,"column":9}},"line":74},"7":{"name":"(anonymous_7)","decl":{"start":{"line":104,"column":11},"end":{"line":104,"column":12}},"loc":{"start":{"line":104,"column":20},"end":{"line":106,"column":5}},"line":104},"8":{"name":"checkValidServiceWorker","decl":{"start":{"line":109,"column":9},"end":{"line":109,"column":32}},"loc":{"start":{"line":109,"column":65},"end":{"line":137,"column":1}},"line":109},"9":{"name":"(anonymous_9)","decl":{"start":{"line":114,"column":10},"end":{"line":114,"column":11}},"loc":{"start":{"line":114,"column":22},"end":{"line":131,"column":5}},"line":114},"10":{"name":"(anonymous_10)","decl":{"start":{"line":122,"column":43},"end":{"line":122,"column":44}},"loc":{"start":{"line":122,"column":59},"end":{"line":126,"column":9}},"line":122},"11":{"name":"(anonymous_11)","decl":{"start":{"line":123,"column":41},"end":{"line":123,"column":42}},"loc":{"start":{"line":123,"column":47},"end":{"line":125,"column":11}},"line":123},"12":{"name":"(anonymous_12)","decl":{"start":{"line":132,"column":11},"end":{"line":132,"column":12}},"loc":{"start":{"line":132,"column":17},"end":{"line":136,"column":5}},"line":132},"13":{"name":"unregister","decl":{"start":{"line":139,"column":16},"end":{"line":139,"column":26}},"loc":{"start":{"line":139,"column":29},"end":{"line":145,"column":1}},"line":139},"14":{"name":"(anonymous_14)","decl":{"start":{"line":141,"column":39},"end":{"line":141,"column":40}},"loc":{"start":{"line":141,"column":55},"end":{"line":143,"column":5}},"line":141}},"branchMap":{"0":{"loc":{"start":{"line":14,"column":2},"end":{"line":20,"column":5}},"type":"binary-expr","locations":[{"start":{"line":14,"column":2},"end":{"line":14,"column":42}},{"start":{"line":16,"column":4},"end":{"line":16,"column":40}},{"start":{"line":18,"column":4},"end":{"line":20,"column":5}}],"line":14},"1":{"loc":{"start":{"line":29,"column":2},"end":{"line":62,"column":3}},"type":"if","locations":[{"start":{"line":29,"column":2},"end":{"line":62,"column":3}},{"start":{"line":29,"column":2},"end":{"line":62,"column":3}}],"line":29},"2":{"loc":{"start":{"line":29,"column":6},"end":{"line":29,"column":75}},"type":"binary-expr","locations":[{"start":{"line":29,"column":6},"end":{"line":29,"column":43}},{"start":{"line":29,"column":47},"end":{"line":29,"column":75}}],"line":29},"3":{"loc":{"start":{"line":35,"column":4},"end":{"line":40,"column":5}},"type":"if","locations":[{"start":{"line":35,"column":4},"end":{"line":40,"column":5}},{"start":{"line":35,"column":4},"end":{"line":40,"column":5}}],"line":35},"4":{"loc":{"start":{"line":45,"column":6},"end":{"line":60,"column":7}},"type":"if","locations":[{"start":{"line":45,"column":6},"end":{"line":60,"column":7}},{"start":{"line":45,"column":6},"end":{"line":60,"column":7}}],"line":45},"5":{"loc":{"start":{"line":71,"column":8},"end":{"line":73,"column":9}},"type":"if","locations":[{"start":{"line":71,"column":8},"end":{"line":73,"column":9}},{"start":{"line":71,"column":8},"end":{"line":73,"column":9}}],"line":71},"6":{"loc":{"start":{"line":75,"column":10},"end":{"line":100,"column":11}},"type":"if","locations":[{"start":{"line":75,"column":10},"end":{"line":100,"column":11}},{"start":{"line":75,"column":10},"end":{"line":100,"column":11}}],"line":75},"7":{"loc":{"start":{"line":76,"column":12},"end":{"line":99,"column":13}},"type":"if","locations":[{"start":{"line":76,"column":12},"end":{"line":99,"column":13}},{"start":{"line":76,"column":12},"end":{"line":99,"column":13}}],"line":76},"8":{"loc":{"start":{"line":86,"column":14},"end":{"line":88,"column":15}},"type":"if","locations":[{"start":{"line":86,"column":14},"end":{"line":88,"column":15}},{"start":{"line":86,"column":14},"end":{"line":88,"column":15}}],"line":86},"9":{"loc":{"start":{"line":86,"column":18},"end":{"line":86,"column":43}},"type":"binary-expr","locations":[{"start":{"line":86,"column":18},"end":{"line":86,"column":24}},{"start":{"line":86,"column":28},"end":{"line":86,"column":43}}],"line":86},"10":{"loc":{"start":{"line":96,"column":14},"end":{"line":98,"column":15}},"type":"if","locations":[{"start":{"line":96,"column":14},"end":{"line":98,"column":15}},{"start":{"line":96,"column":14},"end":{"line":98,"column":15}}],"line":96},"11":{"loc":{"start":{"line":96,"column":18},"end":{"line":96,"column":44}},"type":"binary-expr","locations":[{"start":{"line":96,"column":18},"end":{"line":96,"column":24}},{"start":{"line":96,"column":28},"end":{"line":96,"column":44}}],"line":96},"12":{"loc":{"start":{"line":117,"column":6},"end":{"line":130,"column":7}},"type":"if","locations":[{"start":{"line":117,"column":6},"end":{"line":130,"column":7}},{"start":{"line":117,"column":6},"end":{"line":130,"column":7}}],"line":117},"13":{"loc":{"start":{"line":118,"column":8},"end":{"line":119,"column":73}},"type":"binary-expr","locations":[{"start":{"line":118,"column":8},"end":{"line":118,"column":31}},{"start":{"line":119,"column":9},"end":{"line":119,"column":28}},{"start":{"line":119,"column":32},"end":{"line":119,"column":72}}],"line":118},"14":{"loc":{"start":{"line":140,"column":2},"end":{"line":144,"column":3}},"type":"if","locations":[{"start":{"line":140,"column":2},"end":{"line":144,"column":3}},{"start":{"line":140,"column":2},"end":{"line":144,"column":3}}],"line":140}},"s":{"0":0,"1":0,"2":0,"3":0,"4":0,"5":0,"6":0,"7":0,"8":0,"9":0,"10":0,"11":0,"12":0,"13":0,"14":0,"15":0,"16":0,"17":0,"18":0,"19":0,"20":0,"21":0,"22":0,"23":0,"24":0,"25":0,"26":0,"27":0,"28":0,"29":0,"30":0,"31":0,"32":0,"33":0,"34":0,"35":0,"36":0,"37":0},"f":{"0":0,"1":0,"2":0,"3":0,"4":0,"5":0,"6":0,"7":0,"8":0,"9":0,"10":0,"11":0,"12":0,"13":0,"14":0},"b":{"0":[0,0,0],"1":[0,0],"2":[0,0],"3":[0,0],"4":[0,0],"5":[0,0],"6":[0,0],"7":[0,0],"8":[0,0],"9":[0,0],"10":[0,0],"11":[0,0],"12":[0,0],"13":[0,0,0],"14":[0,0]},"hash":"5411b5a91e168732a22785ac0562cdd60ab24ba2"}
,"D:\\React-POC\\react-ts-redux-saga-master\\src\\store.ts": {"path":"D:\\React-POC\\react-ts-redux-saga-master\\src\\store.ts","statementMap":{"0":{"start":{"line":8,"column":23},"end":{"line":8,"column":45}},"1":{"start":{"line":10,"column":14},"end":{"line":13,"column":1}},"2":{"start":{"line":15,"column":0},"end":{"line":15,"column":29}}},"fnMap":{},"branchMap":{},"s":{"0":0,"1":0,"2":0},"f":{},"b":{},"hash":"a915fda72618476ed70d38accd669053b12893ac"}
,"D:\\React-POC\\react-ts-redux-saga-master\\src\\actions\\actionTypes.ts": {"path":"D:\\React-POC\\react-ts-redux-saga-master\\src\\actions\\actionTypes.ts","statementMap":{"0":{"start":{"line":1,"column":32},"end":{"line":1,"column":50}},"1":{"start":{"line":2,"column":27},"end":{"line":2,"column":40}},"2":{"start":{"line":3,"column":28},"end":{"line":3,"column":42}},"3":{"start":{"line":4,"column":30},"end":{"line":4,"column":44}},"4":{"start":{"line":5,"column":40},"end":{"line":5,"column":66}},"5":{"start":{"line":6,"column":37},"end":{"line":6,"column":60}}},"fnMap":{},"branchMap":{},"s":{"0":2,"1":2,"2":2,"3":2,"4":2,"5":2},"f":{},"b":{},"_coverageSchema":"43e27e138ebf9cfc5966b082cf9a028302ed4184","hash":"efdd65b8d27e0800a0e54a5462a39e9e5ed0330d"}
,"D:\\React-POC\\react-ts-redux-saga-master\\src\\actions\\contactActions.ts": {"path":"D:\\React-POC\\react-ts-redux-saga-master\\src\\actions\\contactActions.ts","statementMap":{"0":{"start":{"line":10,"column":36},"end":{"line":15,"column":1}},"1":{"start":{"line":11,"column":4},"end":{"line":11,"column":55}},"2":{"start":{"line":12,"column":4},"end":{"line":14,"column":6}},"3":{"start":{"line":17,"column":32},"end":{"line":20,"column":2}},"4":{"start":{"line":17,"column":56},"end":{"line":20,"column":1}},"5":{"start":{"line":22,"column":33},"end":{"line":25,"column":2}},"6":{"start":{"line":22,"column":57},"end":{"line":25,"column":1}},"7":{"start":{"line":27,"column":35},"end":{"line":30,"column":2}},"8":{"start":{"line":27,"column":59},"end":{"line":30,"column":1}}},"fnMap":{"0":{"name":"(anonymous_0)","decl":{"start":{"line":10,"column":36},"end":{"line":10,"column":37}},"loc":{"start":{"line":10,"column":42},"end":{"line":15,"column":1}},"line":10},"1":{"name":"(anonymous_1)","decl":{"start":{"line":17,"column":32},"end":{"line":17,"column":33}},"loc":{"start":{"line":17,"column":56},"end":{"line":20,"column":1}},"line":17},"2":{"name":"(anonymous_2)","decl":{"start":{"line":22,"column":33},"end":{"line":22,"column":34}},"loc":{"start":{"line":22,"column":57},"end":{"line":25,"column":1}},"line":22},"3":{"name":"(anonymous_3)","decl":{"start":{"line":27,"column":35},"end":{"line":27,"column":36}},"loc":{"start":{"line":27,"column":59},"end":{"line":30,"column":1}},"line":27}},"branchMap":{},"s":{"0":2,"1":4,"2":4,"3":2,"4":0,"5":2,"6":0,"7":2,"8":0},"f":{"0":4,"1":0,"2":0,"3":0},"b":{},"_coverageSchema":"43e27e138ebf9cfc5966b082cf9a028302ed4184","hash":"1f410f5d28b204b2f734c3a1ad872fe1b4ca9d18"}
,"D:\\React-POC\\react-ts-redux-saga-master\\src\\api\\contactApi.ts": {"path":"D:\\React-POC\\react-ts-redux-saga-master\\src\\api\\contactApi.ts","statementMap":{"0":{"start":{"line":4,"column":33},"end":{"line":30,"column":1}},"1":{"start":{"line":7,"column":16},"end":{"line":7,"column":40}},"2":{"start":{"line":9,"column":17},"end":{"line":27,"column":6}},"3":{"start":{"line":15,"column":8},"end":{"line":15,"column":64}},"4":{"start":{"line":16,"column":8},"end":{"line":20,"column":27}},"5":{"start":{"line":17,"column":12},"end":{"line":17,"column":35}},"6":{"start":{"line":20,"column":12},"end":{"line":20,"column":27}},"7":{"start":{"line":22,"column":8},"end":{"line":22,"column":57}},"8":{"start":{"line":23,"column":8},"end":{"line":23,"column":20}},"9":{"start":{"line":25,"column":8},"end":{"line":25,"column":58}},"10":{"start":{"line":26,"column":8},"end":{"line":26,"column":21}},"11":{"start":{"line":29,"column":4},"end":{"line":29,"column":16}}},"fnMap":{"0":{"name":"(anonymous_0)","decl":{"start":{"line":4,"column":33},"end":{"line":4,"column":34}},"loc":{"start":{"line":4,"column":57},"end":{"line":30,"column":1}},"line":4},"1":{"name":"(anonymous_1)","decl":{"start":{"line":14,"column":12},"end":{"line":14,"column":13}},"loc":{"start":{"line":14,"column":31},"end":{"line":21,"column":5}},"line":14},"2":{"name":"(anonymous_2)","decl":{"start":{"line":21,"column":12},"end":{"line":21,"column":13}},"loc":{"start":{"line":21,"column":22},"end":{"line":24,"column":5}},"line":21},"3":{"name":"(anonymous_3)","decl":{"start":{"line":24,"column":13},"end":{"line":24,"column":14}},"loc":{"start":{"line":24,"column":24},"end":{"line":27,"column":5}},"line":24}},"branchMap":{"0":{"loc":{"start":{"line":16,"column":8},"end":{"line":20,"column":27}},"type":"if","locations":[{"start":{"line":16,"column":8},"end":{"line":20,"column":27}},{"start":{"line":16,"column":8},"end":{"line":20,"column":27}}],"line":16}},"s":{"0":0,"1":0,"2":0,"3":0,"4":0,"5":0,"6":0,"7":0,"8":0,"9":0,"10":0,"11":0},"f":{"0":0,"1":0,"2":0,"3":0},"b":{"0":[0,0]},"hash":"1292629666fecfc6e41a0f5629d90b658f54eed9"}
,"D:\\React-POC\\react-ts-redux-saga-master\\src\\components\\App.tsx": {"path":"D:\\React-POC\\react-ts-redux-saga-master\\src\\components\\App.tsx","statementMap":{"0":{"start":{"line":9,"column":22},"end":{"line":17,"column":1}},"1":{"start":{"line":10,"column":2},"end":{"line":16,"column":4}}},"fnMap":{"0":{"name":"(anonymous_0)","decl":{"start":{"line":9,"column":22},"end":{"line":9,"column":23}},"loc":{"start":{"line":9,"column":28},"end":{"line":17,"column":1}},"line":9}},"branchMap":{},"s":{"0":1,"1":3},"f":{"0":3},"b":{},"_coverageSchema":"43e27e138ebf9cfc5966b082cf9a028302ed4184","hash":"4e037b0b44cbdaba888b41abf5f7713b6b60a859"}
,"D:\\React-POC\\react-ts-redux-saga-master\\src\\components\\Notification.tsx": {"path":"D:\\React-POC\\react-ts-redux-saga-master\\src\\components\\Notification.tsx","statementMap":{"0":{"start":{"line":12,"column":4},"end":{"line":12,"column":66}},"1":{"start":{"line":16,"column":33},"end":{"line":16,"column":38}},"2":{"start":{"line":17,"column":4},"end":{"line":19,"column":5}},"3":{"start":{"line":18,"column":8},"end":{"line":18,"column":20}},"4":{"start":{"line":21,"column":4},"end":{"line":25,"column":6}}},"fnMap":{"0":{"name":"Alert","decl":{"start":{"line":11,"column":9},"end":{"line":11,"column":14}},"loc":{"start":{"line":11,"column":27},"end":{"line":13,"column":1}},"line":11},"1":{"name":"Notification","decl":{"start":{"line":15,"column":16},"end":{"line":15,"column":28}},"loc":{"start":{"line":15,"column":56},"end":{"line":26,"column":1}},"line":15}},"branchMap":{"0":{"loc":{"start":{"line":17,"column":4},"end":{"line":19,"column":5}},"type":"if","locations":[{"start":{"line":17,"column":4},"end":{"line":19,"column":5}},{"start":{"line":17,"column":4},"end":{"line":19,"column":5}}],"line":17}},"s":{"0":1,"1":1,"2":1,"3":0,"4":1},"f":{"0":1,"1":1},"b":{"0":[0,1]},"_coverageSchema":"43e27e138ebf9cfc5966b082cf9a028302ed4184","hash":"0b107013ef0fb1cea8568bb49e829a59219f3259"}
,"D:\\React-POC\\react-ts-redux-saga-master\\src\\components\\common\\AlertDialog.tsx": {"path":"D:\\React-POC\\react-ts-redux-saga-master\\src\\components\\common\\AlertDialog.tsx","statementMap":{"0":{"start":{"line":21,"column":24},"end":{"line":24,"column":5}},"1":{"start":{"line":23,"column":8},"end":{"line":23,"column":41}},"2":{"start":{"line":26,"column":34},"end":{"line":26,"column":39}},"3":{"start":{"line":28,"column":4},"end":{"line":47,"column":6}},"4":{"start":{"line":32,"column":31},"end":{"line":32,"column":48}},"5":{"start":{"line":42,"column":43},"end":{"line":42,"column":61}},"6":{"start":{"line":43,"column":43},"end":{"line":43,"column":60}}},"fnMap":{"0":{"name":"AlertDialog","decl":{"start":{"line":18,"column":24},"end":{"line":18,"column":35}},"loc":{"start":{"line":18,"column":62},"end":{"line":48,"column":1}},"line":18},"1":{"name":"(anonymous_1)","decl":{"start":{"line":21,"column":24},"end":{"line":21,"column":25}},"loc":{"start":{"line":21,"column":44},"end":{"line":24,"column":5}},"line":21},"2":{"name":"(anonymous_2)","decl":{"start":{"line":32,"column":25},"end":{"line":32,"column":26}},"loc":{"start":{"line":32,"column":31},"end":{"line":32,"column":48}},"line":32},"3":{"name":"(anonymous_3)","decl":{"start":{"line":42,"column":37},"end":{"line":42,"column":38}},"loc":{"start":{"line":42,"column":43},"end":{"line":42,"column":61}},"line":42},"4":{"name":"(anonymous_4)","decl":{"start":{"line":43,"column":37},"end":{"line":43,"column":38}},"loc":{"start":{"line":43,"column":43},"end":{"line":43,"column":60}},"line":43}},"branchMap":{},"s":{"0":4,"1":0,"2":4,"3":4,"4":0,"5":0,"6":0},"f":{"0":4,"1":0,"2":0,"3":0,"4":0},"b":{},"_coverageSchema":"43e27e138ebf9cfc5966b082cf9a028302ed4184","hash":"38d189a81bdc8c4b887ecb28614ad14d6551e1ce"}
,"D:\\React-POC\\react-ts-redux-saga-master\\src\\components\\contact\\ContactForm.tsx": {"path":"D:\\React-POC\\react-ts-redux-saga-master\\src\\components\\contact\\ContactForm.tsx","statementMap":{"0":{"start":{"line":34,"column":19},"end":{"line":40,"column":5}},"1":{"start":{"line":42,"column":8},"end":{"line":42,"column":20}},"2":{"start":{"line":43,"column":8},"end":{"line":45,"column":9}},"3":{"start":{"line":47,"column":8},"end":{"line":47,"column":55}},"4":{"start":{"line":48,"column":8},"end":{"line":48,"column":57}},"5":{"start":{"line":49,"column":8},"end":{"line":49,"column":57}},"6":{"start":{"line":53,"column":23},"end":{"line":53,"column":25}},"7":{"start":{"line":54,"column":8},"end":{"line":60,"column":9}},"8":{"start":{"line":55,"column":12},"end":{"line":59,"column":14}},"9":{"start":{"line":61,"column":8},"end":{"line":61,"column":66}},"10":{"start":{"line":68,"column":8},"end":{"line":72,"column":11}},"11":{"start":{"line":73,"column":8},"end":{"line":73,"column":35}},"12":{"start":{"line":80,"column":34},"end":{"line":80,"column":44}},"13":{"start":{"line":81,"column":8},"end":{"line":81,"column":80}},"14":{"start":{"line":82,"column":33},"end":{"line":82,"column":88}},"15":{"start":{"line":83,"column":8},"end":{"line":83,"column":56}},"16":{"start":{"line":84,"column":8},"end":{"line":97,"column":9}},"17":{"start":{"line":85,"column":12},"end":{"line":87,"column":14}},"18":{"start":{"line":90,"column":12},"end":{"line":90,"column":58}},"19":{"start":{"line":91,"column":12},"end":{"line":96,"column":14}},"20":{"start":{"line":105,"column":22},"end":{"line":105,"column":38}},"21":{"start":{"line":106,"column":26},"end":{"line":106,"column":30}},"22":{"start":{"line":107,"column":8},"end":{"line":111,"column":11}},"23":{"start":{"line":115,"column":25},"end":{"line":115,"column":35}},"24":{"start":{"line":118,"column":23},"end":{"line":118,"column":33}},"25":{"start":{"line":119,"column":42},"end":{"line":119,"column":88}},"26":{"start":{"line":119,"column":69},"end":{"line":119,"column":87}},"27":{"start":{"line":120,"column":41},"end":{"line":120,"column":86}},"28":{"start":{"line":120,"column":68},"end":{"line":120,"column":85}},"29":{"start":{"line":122,"column":8},"end":{"line":187,"column":9}}},"fnMap":{"0":{"name":"(anonymous_0)","decl":{"start":{"line":41,"column":4},"end":{"line":41,"column":5}},"loc":{"start":{"line":41,"column":28},"end":{"line":50,"column":5}},"line":41},"1":{"name":"(anonymous_1)","decl":{"start":{"line":52,"column":4},"end":{"line":52,"column":5}},"loc":{"start":{"line":52,"column":60},"end":{"line":62,"column":5}},"line":52},"2":{"name":"(anonymous_2)","decl":{"start":{"line":67,"column":4},"end":{"line":67,"column":5}},"loc":{"start":{"line":67,"column":18},"end":{"line":74,"column":5}},"line":67},"3":{"name":"(anonymous_3)","decl":{"start":{"line":79,"column":4},"end":{"line":79,"column":5}},"loc":{"start":{"line":79,"column":19},"end":{"line":98,"column":5}},"line":79},"4":{"name":"(anonymous_4)","decl":{"start":{"line":104,"column":4},"end":{"line":104,"column":5}},"loc":{"start":{"line":104,"column":27},"end":{"line":112,"column":5}},"line":104},"5":{"name":"(anonymous_5)","decl":{"start":{"line":114,"column":4},"end":{"line":114,"column":5}},"loc":{"start":{"line":114,"column":13},"end":{"line":188,"column":5}},"line":114},"6":{"name":"(anonymous_6)","decl":{"start":{"line":119,"column":54},"end":{"line":119,"column":55}},"loc":{"start":{"line":119,"column":69},"end":{"line":119,"column":87}},"line":119},"7":{"name":"(anonymous_7)","decl":{"start":{"line":120,"column":53},"end":{"line":120,"column":54}},"loc":{"start":{"line":120,"column":68},"end":{"line":120,"column":85}},"line":120}},"branchMap":{"0":{"loc":{"start":{"line":54,"column":8},"end":{"line":60,"column":9}},"type":"if","locations":[{"start":{"line":54,"column":8},"end":{"line":60,"column":9}},{"start":{"line":54,"column":8},"end":{"line":60,"column":9}}],"line":54},"1":{"loc":{"start":{"line":54,"column":12},"end":{"line":54,"column":66}},"type":"binary-expr","locations":[{"start":{"line":54,"column":12},"end":{"line":54,"column":29}},{"start":{"line":54,"column":33},"end":{"line":54,"column":66}}],"line":54},"2":{"loc":{"start":{"line":61,"column":15},"end":{"line":61,"column":65}},"type":"cond-expr","locations":[{"start":{"line":61,"column":50},"end":{"line":61,"column":58}},{"start":{"line":61,"column":61},"end":{"line":61,"column":65}}],"line":61},"3":{"loc":{"start":{"line":84,"column":8},"end":{"line":97,"column":9}},"type":"if","locations":[{"start":{"line":84,"column":8},"end":{"line":97,"column":9}},{"start":{"line":84,"column":8},"end":{"line":97,"column":9}}],"line":84},"4":{"loc":{"start":{"line":84,"column":12},"end":{"line":84,"column":39}},"type":"binary-expr","locations":[{"start":{"line":84,"column":12},"end":{"line":84,"column":18}},{"start":{"line":84,"column":22},"end":{"line":84,"column":39}}],"line":84},"5":{"loc":{"start":{"line":137,"column":48},"end":{"line":137,"column":74}},"type":"cond-expr","locations":[{"start":{"line":137,"column":62},"end":{"line":137,"column":66}},{"start":{"line":137,"column":69},"end":{"line":137,"column":74}}],"line":137},"6":{"loc":{"start":{"line":150,"column":33},"end":{"line":153,"column":54}},"type":"binary-expr","locations":[{"start":{"line":150,"column":33},"end":{"line":150,"column":44}},{"start":{"line":151,"column":36},"end":{"line":153,"column":54}}],"line":150},"7":{"loc":{"start":{"line":157,"column":48},"end":{"line":157,"column":73}},"type":"cond-expr","locations":[{"start":{"line":157,"column":61},"end":{"line":157,"column":65}},{"start":{"line":157,"column":68},"end":{"line":157,"column":73}}],"line":157},"8":{"loc":{"start":{"line":169,"column":33},"end":{"line":172,"column":54}},"type":"binary-expr","locations":[{"start":{"line":169,"column":33},"end":{"line":169,"column":43}},{"start":{"line":170,"column":36},"end":{"line":172,"column":54}}],"line":169}},"s":{"0":4,"1":4,"2":4,"3":4,"4":4,"5":4,"6":4,"7":4,"8":0,"9":4,"10":0,"11":0,"12":0,"13":0,"14":0,"15":0,"16":0,"17":0,"18":0,"19":0,"20":0,"21":0,"22":0,"23":4,"24":4,"25":4,"26":0,"27":4,"28":0,"29":4},"f":{"0":4,"1":4,"2":0,"3":0,"4":0,"5":4,"6":0,"7":0},"b":{"0":[0,4],"1":[4,0],"2":[0,4],"3":[0,0],"4":[0,0],"5":[0,4],"6":[4,0],"7":[0,4],"8":[4,0]},"_coverageSchema":"43e27e138ebf9cfc5966b082cf9a028302ed4184","hash":"472d491a27e2fc9e9d7ecd4b8e7523d50012a8cd"}
,"D:\\React-POC\\react-ts-redux-saga-master\\src\\components\\contact\\ContactList.tsx": {"path":"D:\\React-POC\\react-ts-redux-saga-master\\src\\components\\contact\\ContactList.tsx","statementMap":{"0":{"start":{"line":19,"column":18},"end":{"line":23,"column":2}},"1":{"start":{"line":36,"column":20},"end":{"line":36,"column":31}},"2":{"start":{"line":38,"column":4},"end":{"line":74,"column":5}},"3":{"start":{"line":53,"column":32},"end":{"line":65,"column":43}},"4":{"start":{"line":58,"column":70},"end":{"line":58,"column":94}},"5":{"start":{"line":61,"column":70},"end":{"line":61,"column":96}}},"fnMap":{"0":{"name":"ContactList","decl":{"start":{"line":35,"column":16},"end":{"line":35,"column":27}},"loc":{"start":{"line":35,"column":54},"end":{"line":76,"column":1}},"line":35},"1":{"name":"(anonymous_1)","decl":{"start":{"line":52,"column":51},"end":{"line":52,"column":52}},"loc":{"start":{"line":53,"column":32},"end":{"line":65,"column":43}},"line":53},"2":{"name":"(anonymous_2)","decl":{"start":{"line":58,"column":64},"end":{"line":58,"column":65}},"loc":{"start":{"line":58,"column":70},"end":{"line":58,"column":94}},"line":58},"3":{"name":"(anonymous_3)","decl":{"start":{"line":61,"column":64},"end":{"line":61,"column":65}},"loc":{"start":{"line":61,"column":70},"end":{"line":61,"column":96}},"line":61}},"branchMap":{"0":{"loc":{"start":{"line":40,"column":13},"end":{"line":71,"column":34}},"type":"cond-expr","locations":[{"start":{"line":41,"column":16},"end":{"line":69,"column":33}},{"start":{"line":71,"column":16},"end":{"line":71,"column":34}}],"line":40},"1":{"loc":{"start":{"line":40,"column":13},"end":{"line":40,"column":62}},"type":"binary-expr","locations":[{"start":{"line":40,"column":13},"end":{"line":40,"column":30}},{"start":{"line":40,"column":34},"end":{"line":40,"column":62}}],"line":40}},"s":{"0":2,"1":4,"2":4,"3":0,"4":0,"5":0},"f":{"0":4,"1":0,"2":0,"3":0},"b":{"0":[0,4],"1":[4,0]},"_coverageSchema":"43e27e138ebf9cfc5966b082cf9a028302ed4184","hash":"dc848b9a0ab7d5336abd7406e957f1ba2626f6b7"}
,"D:\\React-POC\\react-ts-redux-saga-master\\src\\components\\contact\\ManageContact.tsx": {"path":"D:\\React-POC\\react-ts-redux-saga-master\\src\\components\\contact\\ManageContact.tsx","statementMap":{"0":{"start":{"line":39,"column":8},"end":{"line":39,"column":20}},"1":{"start":{"line":40,"column":8},"end":{"line":45,"column":9}},"2":{"start":{"line":47,"column":8},"end":{"line":47,"column":71}},"3":{"start":{"line":48,"column":8},"end":{"line":48,"column":67}},"4":{"start":{"line":49,"column":8},"end":{"line":49,"column":71}},"5":{"start":{"line":50,"column":8},"end":{"line":50,"column":55}},"6":{"start":{"line":51,"column":8},"end":{"line":51,"column":65}},"7":{"start":{"line":55,"column":8},"end":{"line":55,"column":41}},"8":{"start":{"line":56,"column":8},"end":{"line":56,"column":36}},"9":{"start":{"line":64,"column":8},"end":{"line":64,"column":50}},"10":{"start":{"line":65,"column":8},"end":{"line":70,"column":9}},"11":{"start":{"line":66,"column":12},"end":{"line":66,"column":44}},"12":{"start":{"line":69,"column":12},"end":{"line":69,"column":43}},"13":{"start":{"line":71,"column":8},"end":{"line":73,"column":12}},"14":{"start":{"line":71,"column":29},"end":{"line":73,"column":9}},"15":{"start":{"line":81,"column":8},"end":{"line":81,"column":48}},"16":{"start":{"line":82,"column":8},"end":{"line":85,"column":12}},"17":{"start":{"line":82,"column":29},"end":{"line":85,"column":9}},"18":{"start":{"line":93,"column":8},"end":{"line":96,"column":12}},"19":{"start":{"line":93,"column":29},"end":{"line":96,"column":9}},"20":{"start":{"line":97,"column":8},"end":{"line":97,"column":50}},"21":{"start":{"line":105,"column":8},"end":{"line":108,"column":12}},"22":{"start":{"line":105,"column":29},"end":{"line":108,"column":9}},"23":{"start":{"line":116,"column":8},"end":{"line":118,"column":9}},"24":{"start":{"line":117,"column":12},"end":{"line":117,"column":63}},"25":{"start":{"line":120,"column":8},"end":{"line":123,"column":12}},"26":{"start":{"line":120,"column":29},"end":{"line":123,"column":9}},"27":{"start":{"line":127,"column":64},"end":{"line":127,"column":74}},"28":{"start":{"line":128,"column":62},"end":{"line":128,"column":72}},"29":{"start":{"line":130,"column":8},"end":{"line":162,"column":9}},"30":{"start":{"line":131,"column":12},"end":{"line":134,"column":14}},"31":{"start":{"line":137,"column":12},"end":{"line":161,"column":14}},"32":{"start":{"line":167,"column":24},"end":{"line":172,"column":1}},"33":{"start":{"line":168,"column":4},"end":{"line":168,"column":39}},"34":{"start":{"line":169,"column":4},"end":{"line":171,"column":5}},"35":{"start":{"line":174,"column":27},"end":{"line":181,"column":1}},"36":{"start":{"line":175,"column":4},"end":{"line":180,"column":5}},"37":{"start":{"line":176,"column":30},"end":{"line":176,"column":62}},"38":{"start":{"line":177,"column":38},"end":{"line":177,"column":73}},"39":{"start":{"line":178,"column":39},"end":{"line":178,"column":75}},"40":{"start":{"line":179,"column":41},"end":{"line":179,"column":79}}},"fnMap":{"0":{"name":"(anonymous_0)","decl":{"start":{"line":38,"column":4},"end":{"line":38,"column":5}},"loc":{"start":{"line":38,"column":28},"end":{"line":52,"column":5}},"line":38},"1":{"name":"(anonymous_1)","decl":{"start":{"line":54,"column":4},"end":{"line":54,"column":5}},"loc":{"start":{"line":54,"column":24},"end":{"line":57,"column":5}},"line":54},"2":{"name":"(anonymous_2)","decl":{"start":{"line":63,"column":4},"end":{"line":63,"column":5}},"loc":{"start":{"line":63,"column":38},"end":{"line":74,"column":5}},"line":63},"3":{"name":"(anonymous_3)","decl":{"start":{"line":71,"column":22},"end":{"line":71,"column":23}},"loc":{"start":{"line":71,"column":29},"end":{"line":73,"column":9}},"line":71},"4":{"name":"(anonymous_4)","decl":{"start":{"line":80,"column":4},"end":{"line":80,"column":5}},"loc":{"start":{"line":80,"column":36},"end":{"line":86,"column":5}},"line":80},"5":{"name":"(anonymous_5)","decl":{"start":{"line":82,"column":22},"end":{"line":82,"column":23}},"loc":{"start":{"line":82,"column":29},"end":{"line":85,"column":9}},"line":82},"6":{"name":"(anonymous_6)","decl":{"start":{"line":92,"column":4},"end":{"line":92,"column":5}},"loc":{"start":{"line":92,"column":38},"end":{"line":99,"column":5}},"line":92},"7":{"name":"(anonymous_7)","decl":{"start":{"line":93,"column":22},"end":{"line":93,"column":23}},"loc":{"start":{"line":93,"column":29},"end":{"line":96,"column":9}},"line":93},"8":{"name":"(anonymous_8)","decl":{"start":{"line":104,"column":4},"end":{"line":104,"column":5}},"loc":{"start":{"line":104,"column":18},"end":{"line":109,"column":5}},"line":104},"9":{"name":"(anonymous_9)","decl":{"start":{"line":105,"column":22},"end":{"line":105,"column":23}},"loc":{"start":{"line":105,"column":29},"end":{"line":108,"column":9}},"line":105},"10":{"name":"(anonymous_10)","decl":{"start":{"line":115,"column":4},"end":{"line":115,"column":5}},"loc":{"start":{"line":115,"column":34},"end":{"line":124,"column":5}},"line":115},"11":{"name":"(anonymous_11)","decl":{"start":{"line":120,"column":22},"end":{"line":120,"column":23}},"loc":{"start":{"line":120,"column":29},"end":{"line":123,"column":9}},"line":120},"12":{"name":"(anonymous_12)","decl":{"start":{"line":126,"column":4},"end":{"line":126,"column":5}},"loc":{"start":{"line":126,"column":13},"end":{"line":163,"column":5}},"line":126},"13":{"name":"(anonymous_13)","decl":{"start":{"line":167,"column":24},"end":{"line":167,"column":25}},"loc":{"start":{"line":167,"column":40},"end":{"line":172,"column":1}},"line":167},"14":{"name":"(anonymous_14)","decl":{"start":{"line":174,"column":27},"end":{"line":174,"column":28}},"loc":{"start":{"line":174,"column":61},"end":{"line":181,"column":1}},"line":174},"15":{"name":"(anonymous_15)","decl":{"start":{"line":176,"column":24},"end":{"line":176,"column":25}},"loc":{"start":{"line":176,"column":30},"end":{"line":176,"column":62}},"line":176},"16":{"name":"(anonymous_16)","decl":{"start":{"line":177,"column":20},"end":{"line":177,"column":21}},"loc":{"start":{"line":177,"column":38},"end":{"line":177,"column":73}},"line":177},"17":{"name":"(anonymous_17)","decl":{"start":{"line":178,"column":21},"end":{"line":178,"column":22}},"loc":{"start":{"line":178,"column":39},"end":{"line":178,"column":75}},"line":178},"18":{"name":"(anonymous_18)","decl":{"start":{"line":179,"column":23},"end":{"line":179,"column":24}},"loc":{"start":{"line":179,"column":41},"end":{"line":179,"column":79}},"line":179}},"branchMap":{"0":{"loc":{"start":{"line":65,"column":8},"end":{"line":70,"column":9}},"type":"if","locations":[{"start":{"line":65,"column":8},"end":{"line":70,"column":9}},{"start":{"line":65,"column":8},"end":{"line":70,"column":9}}],"line":65},"1":{"loc":{"start":{"line":116,"column":8},"end":{"line":118,"column":9}},"type":"if","locations":[{"start":{"line":116,"column":8},"end":{"line":118,"column":9}},{"start":{"line":116,"column":8},"end":{"line":118,"column":9}}],"line":116},"2":{"loc":{"start":{"line":116,"column":12},"end":{"line":116,"column":53}},"type":"binary-expr","locations":[{"start":{"line":116,"column":12},"end":{"line":116,"column":25}},{"start":{"line":116,"column":29},"end":{"line":116,"column":53}}],"line":116},"3":{"loc":{"start":{"line":130,"column":8},"end":{"line":162,"column":9}},"type":"if","locations":[{"start":{"line":130,"column":8},"end":{"line":162,"column":9}},{"start":{"line":130,"column":8},"end":{"line":162,"column":9}}],"line":130},"4":{"loc":{"start":{"line":140,"column":21},"end":{"line":143,"column":26}},"type":"binary-expr","locations":[{"start":{"line":140,"column":21},"end":{"line":140,"column":28}},{"start":{"line":141,"column":24},"end":{"line":143,"column":26}}],"line":140}},"s":{"0":4,"1":4,"2":4,"3":4,"4":4,"5":4,"6":4,"7":4,"8":4,"9":0,"10":0,"11":0,"12":0,"13":0,"14":0,"15":0,"16":0,"17":0,"18":0,"19":0,"20":0,"21":0,"22":0,"23":0,"24":0,"25":0,"26":0,"27":4,"28":4,"29":4,"30":0,"31":4,"32":2,"33":4,"34":4,"35":2,"36":4,"37":4,"38":0,"39":0,"40":0},"f":{"0":4,"1":4,"2":0,"3":0,"4":0,"5":0,"6":0,"7":0,"8":0,"9":0,"10":0,"11":0,"12":4,"13":4,"14":4,"15":4,"16":0,"17":0,"18":0},"b":{"0":[0,0],"1":[0,0],"2":[0,0],"3":[0,4],"4":[4,0]},"_coverageSchema":"43e27e138ebf9cfc5966b082cf9a028302ed4184","hash":"32dfa9116c3359bf30e01039f9df20e651ae3e5c"}
,"D:\\React-POC\\react-ts-redux-saga-master\\src\\components\\contact\\contactUtils.ts": {"path":"D:\\React-POC\\react-ts-redux-saga-master\\src\\components\\contact\\contactUtils.ts","statementMap":{"0":{"start":{"line":7,"column":35},"end":{"line":16,"column":1}},"1":{"start":{"line":8,"column":27},"end":{"line":8,"column":29}},"2":{"start":{"line":9,"column":4},"end":{"line":14,"column":5}},"3":{"start":{"line":10,"column":8},"end":{"line":13,"column":11}},"4":{"start":{"line":15,"column":4},"end":{"line":15,"column":18}}},"fnMap":{"0":{"name":"(anonymous_0)","decl":{"start":{"line":7,"column":35},"end":{"line":7,"column":36}},"loc":{"start":{"line":7,"column":50},"end":{"line":16,"column":1}},"line":7}},"branchMap":{"0":{"loc":{"start":{"line":9,"column":4},"end":{"line":14,"column":5}},"type":"if","locations":[{"start":{"line":9,"column":4},"end":{"line":14,"column":5}},{"start":{"line":9,"column":4},"end":{"line":14,"column":5}}],"line":9},"1":{"loc":{"start":{"line":9,"column":8},"end":{"line":9,"column":50}},"type":"binary-expr","locations":[{"start":{"line":9,"column":8},"end":{"line":9,"column":29}},{"start":{"line":9,"column":33},"end":{"line":9,"column":50}}],"line":9}},"s":{"0":2,"1":0,"2":0,"3":0,"4":0},"f":{"0":0},"b":{"0":[0,0],"1":[0,0]},"_coverageSchema":"43e27e138ebf9cfc5966b082cf9a028302ed4184","hash":"5106e851aa364320c2f07a334daaf5211a765346"}
,"D:\\React-POC\\react-ts-redux-saga-master\\src\\interface\\contactInterface.ts": {"path":"D:\\React-POC\\react-ts-redux-saga-master\\src\\interface\\contactInterface.ts","statementMap":{},"fnMap":{},"branchMap":{},"s":{},"f":{},"b":{},"hash":"05cb06a94b700ac577ae48dd5b5798476e0415dd"}
,"D:\\React-POC\\react-ts-redux-saga-master\\src\\reducers\\contactReducer.ts": {"path":"D:\\React-POC\\react-ts-redux-saga-master\\src\\reducers\\contactReducer.ts","statementMap":{"0":{"start":{"line":10,"column":21},"end":{"line":12,"column":1}},"1":{"start":{"line":14,"column":30},"end":{"line":49,"column":1}},"2":{"start":{"line":15,"column":4},"end":{"line":48,"column":5}},"3":{"start":{"line":17,"column":12},"end":{"line":17,"column":63}},"4":{"start":{"line":18,"column":12},"end":{"line":18,"column":47}},"5":{"start":{"line":21,"column":12},"end":{"line":21,"column":71}},"6":{"start":{"line":22,"column":12},"end":{"line":22,"column":59}},"7":{"start":{"line":25,"column":12},"end":{"line":25,"column":59}},"8":{"start":{"line":28,"column":12},"end":{"line":28,"column":58}},"9":{"start":{"line":29,"column":34},"end":{"line":29,"column":48}},"10":{"start":{"line":30,"column":12},"end":{"line":33,"column":13}},"11":{"start":{"line":37,"column":12},"end":{"line":37,"column":67}},"12":{"start":{"line":38,"column":12},"end":{"line":38,"column":60}},"13":{"start":{"line":42,"column":12},"end":{"line":42,"column":69}},"14":{"start":{"line":43,"column":12},"end":{"line":43,"column":117}},"15":{"start":{"line":43,"column":86},"end":{"line":43,"column":112}},"16":{"start":{"line":47,"column":12},"end":{"line":47,"column":32}},"17":{"start":{"line":51,"column":27},"end":{"line":63,"column":1}},"18":{"start":{"line":52,"column":4},"end":{"line":62,"column":6}},"19":{"start":{"line":56,"column":12},"end":{"line":60,"column":13}},"20":{"start":{"line":57,"column":16},"end":{"line":57,"column":51}},"21":{"start":{"line":59,"column":16},"end":{"line":59,"column":25}}},"fnMap":{"0":{"name":"(anonymous_0)","decl":{"start":{"line":14,"column":30},"end":{"line":14,"column":31}},"loc":{"start":{"line":14,"column":64},"end":{"line":49,"column":1}},"line":14},"1":{"name":"(anonymous_1)","decl":{"start":{"line":43,"column":73},"end":{"line":43,"column":74}},"loc":{"start":{"line":43,"column":86},"end":{"line":43,"column":112}},"line":43},"2":{"name":"(anonymous_2)","decl":{"start":{"line":51,"column":27},"end":{"line":51,"column":28}},"loc":{"start":{"line":51,"column":71},"end":{"line":63,"column":1}},"line":51},"3":{"name":"(anonymous_3)","decl":{"start":{"line":55,"column":50},"end":{"line":55,"column":51}},"loc":{"start":{"line":55,"column":62},"end":{"line":61,"column":9}},"line":55}},"branchMap":{"0":{"loc":{"start":{"line":14,"column":31},"end":{"line":14,"column":46}},"type":"default-arg","locations":[{"start":{"line":14,"column":44},"end":{"line":14,"column":46}}],"line":14},"1":{"loc":{"start":{"line":15,"column":4},"end":{"line":48,"column":5}},"type":"switch","locations":[{"start":{"line":16,"column":8},"end":{"line":18,"column":47}},{"start":{"line":20,"column":8},"end":{"line":22,"column":59}},{"start":{"line":24,"column":8},"end":{"line":25,"column":59}},{"start":{"line":27,"column":8},"end":{"line":34,"column":9}},{"start":{"line":36,"column":8},"end":{"line":39,"column":9}},{"start":{"line":41,"column":8},"end":{"line":44,"column":9}},{"start":{"line":46,"column":8},"end":{"line":47,"column":32}}],"line":15},"2":{"loc":{"start":{"line":56,"column":12},"end":{"line":60,"column":13}},"type":"if","locations":[{"start":{"line":56,"column":12},"end":{"line":60,"column":13}},{"start":{"line":56,"column":12},"end":{"line":60,"column":13}}],"line":56}},"s":{"0":0,"1":0,"2":0,"3":0,"4":0,"5":0,"6":0,"7":0,"8":0,"9":0,"10":0,"11":0,"12":0,"13":0,"14":0,"15":0,"16":0,"17":0,"18":0,"19":0,"20":0,"21":0},"f":{"0":0,"1":0,"2":0,"3":0},"b":{"0":[0],"1":[0,0,0,0,0,0,0],"2":[0,0]},"hash":"418efb4d485903d9d5c3bd2ba1258758e15e7848"}
,"D:\\React-POC\\react-ts-redux-saga-master\\src\\reducers\\index.ts": {"path":"D:\\React-POC\\react-ts-redux-saga-master\\src\\reducers\\index.ts","statementMap":{},"fnMap":{},"branchMap":{},"s":{},"f":{},"b":{},"hash":"025d3c91bf4b933672c3cdd0ff68a88cb9230930"}
,"D:\\React-POC\\react-ts-redux-saga-master\\src\\sagas\\contactSaga.ts": {"path":"D:\\React-POC\\react-ts-redux-saga-master\\src\\sagas\\contactSaga.ts","statementMap":{"0":{"start":{"line":17,"column":4},"end":{"line":31,"column":5}},"1":{"start":{"line":18,"column":24},"end":{"line":18,"column":26}},"2":{"start":{"line":19,"column":21},"end":{"line":19,"column":59}},"3":{"start":{"line":20,"column":8},"end":{"line":20,"column":58}},"4":{"start":{"line":21,"column":8},"end":{"line":21,"column":78}},"5":{"start":{"line":23,"column":29},"end":{"line":26,"column":9}},"6":{"start":{"line":27,"column":8},"end":{"line":30,"column":11}},"7":{"start":{"line":35,"column":4},"end":{"line":35,"column":60}}},"fnMap":{"0":{"name":"getContactListAsync","decl":{"start":{"line":16,"column":10},"end":{"line":16,"column":29}},"loc":{"start":{"line":16,"column":32},"end":{"line":32,"column":1}},"line":16},"1":{"name":"contactSaga","decl":{"start":{"line":34,"column":25},"end":{"line":34,"column":36}},"loc":{"start":{"line":34,"column":39},"end":{"line":36,"column":1}},"line":34}},"branchMap":{},"s":{"0":0,"1":0,"2":0,"3":0,"4":0,"5":0,"6":0,"7":0},"f":{"0":0,"1":0},"b":{},"hash":"f4aef67b2e7b2733fc351b1fe2c2d5535ca443ae"}
,"D:\\React-POC\\react-ts-redux-saga-master\\src\\sagas\\index.ts": {"path":"D:\\React-POC\\react-ts-redux-saga-master\\src\\sagas\\index.ts","statementMap":{"0":{"start":{"line":6,"column":4},"end":{"line":8,"column":7}}},"fnMap":{"0":{"name":"rootSaga","decl":{"start":{"line":5,"column":25},"end":{"line":5,"column":33}},"loc":{"start":{"line":5,"column":36},"end":{"line":9,"column":1}},"line":5}},"branchMap":{},"s":{"0":0},"f":{"0":0},"b":{},"hash":"c638190cef69acb3306d2114267d4afecea25d9f"}
,"D:\\React-POC\\react-ts-redux-saga-master\\src\\utils\\enum.ts": {"path":"D:\\React-POC\\react-ts-redux-saga-master\\src\\utils\\enum.ts","statementMap":{},"fnMap":{},"branchMap":{},"s":{},"f":{},"b":{},"_coverageSchema":"43e27e138ebf9cfc5966b082cf9a028302ed4184","hash":"db9fe89419ca4dfcd3ea371966821fc81c624888"}
,"D:\\React-POC\\react-ts-redux-saga-master\\src\\utils\\messages.ts": {"path":"D:\\React-POC\\react-ts-redux-saga-master\\src\\utils\\messages.ts","statementMap":{"0":{"start":{"line":1,"column":24},"end":{"line":7,"column":1}}},"fnMap":{},"branchMap":{},"s":{"0":3},"f":{},"b":{},"_coverageSchema":"43e27e138ebf9cfc5966b082cf9a028302ed4184","hash":"d77ee5268acb023492a9ca206c3d81bb37319364"}
}
