TN:
SF:D:\React-POC\react-ts-redux-saga-master\src\config.ts
FNF:0
FNH:0
DA:2,0
LF:1
LH:0
BRF:0
BRH:0
end_of_record
TN:
SF:D:\React-POC\react-ts-redux-saga-master\src\index.tsx
FNF:0
FNH:0
DA:11,0
DA:19,0
LF:2
LH:0
BRF:0
BRH:0
end_of_record
TN:
SF:D:\React-POC\react-ts-redux-saga-master\src\serviceWorker.ts
FN:28,register
FN:42,(anonymous_1)
FN:51,(anonymous_2)
FN:65,registerValidSW
FN:68,(anonymous_4)
FN:69,(anonymous_5)
FN:74,(anonymous_6)
FN:104,(anonymous_7)
FN:109,checkValidServiceWorker
FN:114,(anonymous_9)
FN:122,(anonymous_10)
FN:123,(anonymous_11)
FN:132,(anonymous_12)
FN:139,unregister
FN:141,(anonymous_14)
FNF:15
FNH:0
FNDA:0,register
FNDA:0,(anonymous_1)
FNDA:0,(anonymous_2)
FNDA:0,registerValidSW
FNDA:0,(anonymous_4)
FNDA:0,(anonymous_5)
FNDA:0,(anonymous_6)
FNDA:0,(anonymous_7)
FNDA:0,checkValidServiceWorker
FNDA:0,(anonymous_9)
FNDA:0,(anonymous_10)
FNDA:0,(anonymous_11)
FNDA:0,(anonymous_12)
FNDA:0,unregister
FNDA:0,(anonymous_14)
DA:13,0
DA:29,0
DA:31,0
DA:35,0
DA:39,0
DA:42,0
DA:43,0
DA:45,0
DA:47,0
DA:51,0
DA:52,0
DA:59,0
DA:66,0
DA:69,0
DA:70,0
DA:71,0
DA:72,0
DA:74,0
DA:75,0
DA:76,0
DA:80,0
DA:86,0
DA:87,0
DA:93,0
DA:96,0
DA:97,0
DA:105,0
DA:111,0
DA:116,0
DA:117,0
DA:122,0
DA:123,0
DA:124,0
DA:129,0
DA:133,0
DA:140,0
DA:141,0
DA:142,0
LF:38
LH:0
BRDA:14,0,0,0
BRDA:14,0,1,0
BRDA:14,0,2,0
BRDA:29,1,0,0
BRDA:29,1,1,0
BRDA:29,2,0,0
BRDA:29,2,1,0
BRDA:35,3,0,0
BRDA:35,3,1,0
BRDA:45,4,0,0
BRDA:45,4,1,0
BRDA:71,5,0,0
BRDA:71,5,1,0
BRDA:75,6,0,0
BRDA:75,6,1,0
BRDA:76,7,0,0
BRDA:76,7,1,0
BRDA:86,8,0,0
BRDA:86,8,1,0
BRDA:86,9,0,0
BRDA:86,9,1,0
BRDA:96,10,0,0
BRDA:96,10,1,0
BRDA:96,11,0,0
BRDA:96,11,1,0
BRDA:117,12,0,0
BRDA:117,12,1,0
BRDA:118,13,0,0
BRDA:118,13,1,0
BRDA:118,13,2,0
BRDA:140,14,0,0
BRDA:140,14,1,0
BRF:32
BRH:0
end_of_record
TN:
SF:D:\React-POC\react-ts-redux-saga-master\src\store.ts
FNF:0
FNH:0
DA:8,0
DA:10,0
DA:15,0
LF:3
LH:0
BRF:0
BRH:0
end_of_record
TN:
SF:D:\React-POC\react-ts-redux-saga-master\src\actions\actionTypes.ts
FNF:0
FNH:0
DA:1,2
DA:2,2
DA:3,2
DA:4,2
DA:5,2
DA:6,2
LF:6
LH:6
BRF:0
BRH:0
end_of_record
TN:
SF:D:\React-POC\react-ts-redux-saga-master\src\actions\contactActions.ts
FN:10,(anonymous_0)
FN:17,(anonymous_1)
FN:22,(anonymous_2)
FN:27,(anonymous_3)
FNF:4
FNH:1
FNDA:4,(anonymous_0)
FNDA:0,(anonymous_1)
FNDA:0,(anonymous_2)
FNDA:0,(anonymous_3)
DA:10,2
DA:11,4
DA:12,4
DA:17,2
DA:22,2
DA:27,2
LF:6
LH:6
BRF:0
BRH:0
end_of_record
TN:
SF:D:\React-POC\react-ts-redux-saga-master\src\api\contactApi.ts
FN:4,(anonymous_0)
FN:14,(anonymous_1)
FN:21,(anonymous_2)
FN:24,(anonymous_3)
FNF:4
FNH:0
FNDA:0,(anonymous_0)
FNDA:0,(anonymous_1)
FNDA:0,(anonymous_2)
FNDA:0,(anonymous_3)
DA:4,0
DA:7,0
DA:9,0
DA:15,0
DA:16,0
DA:17,0
DA:20,0
DA:22,0
DA:23,0
DA:25,0
DA:26,0
DA:29,0
LF:12
LH:0
BRDA:16,0,0,0
BRDA:16,0,1,0
BRF:2
BRH:0
end_of_record
TN:
SF:D:\React-POC\react-ts-redux-saga-master\src\components\App.tsx
FN:9,(anonymous_0)
FNF:1
FNH:1
FNDA:3,(anonymous_0)
DA:9,1
DA:10,3
LF:2
LH:2
BRF:0
BRH:0
end_of_record
TN:
SF:D:\React-POC\react-ts-redux-saga-master\src\components\Notification.tsx
FN:11,Alert
FN:15,Notification
FNF:2
FNH:2
FNDA:1,Alert
FNDA:1,Notification
DA:12,1
DA:16,1
DA:17,1
DA:18,0
DA:21,1
LF:5
LH:4
BRDA:17,0,0,0
BRDA:17,0,1,1
BRF:2
BRH:1
end_of_record
TN:
SF:D:\React-POC\react-ts-redux-saga-master\src\components\common\AlertDialog.tsx
FN:18,AlertDialog
FN:21,(anonymous_1)
FN:32,(anonymous_2)
FN:42,(anonymous_3)
FN:43,(anonymous_4)
FNF:5
FNH:1
FNDA:4,AlertDialog
FNDA:0,(anonymous_1)
FNDA:0,(anonymous_2)
FNDA:0,(anonymous_3)
FNDA:0,(anonymous_4)
DA:21,4
DA:23,0
DA:26,4
DA:28,4
DA:32,0
DA:42,0
DA:43,0
LF:7
LH:3
BRF:0
BRH:0
end_of_record
TN:
SF:D:\React-POC\react-ts-redux-saga-master\src\components\contact\ContactForm.tsx
FN:41,(anonymous_0)
FN:52,(anonymous_1)
FN:67,(anonymous_2)
FN:79,(anonymous_3)
FN:104,(anonymous_4)
FN:114,(anonymous_5)
FN:119,(anonymous_6)
FN:120,(anonymous_7)
FNF:8
FNH:3
FNDA:4,(anonymous_0)
FNDA:4,(anonymous_1)
FNDA:0,(anonymous_2)
FNDA:0,(anonymous_3)
FNDA:0,(anonymous_4)
FNDA:4,(anonymous_5)
FNDA:0,(anonymous_6)
FNDA:0,(anonymous_7)
DA:34,4
DA:42,4
DA:43,4
DA:47,4
DA:48,4
DA:49,4
DA:53,4
DA:54,4
DA:55,0
DA:61,4
DA:68,0
DA:73,0
DA:80,0
DA:81,0
DA:82,0
DA:83,0
DA:84,0
DA:85,0
DA:90,0
DA:91,0
DA:105,0
DA:106,0
DA:107,0
DA:115,4
DA:118,4
DA:119,4
DA:120,4
DA:122,4
LF:28
LH:14
BRDA:54,0,0,0
BRDA:54,0,1,4
BRDA:54,1,0,4
BRDA:54,1,1,0
BRDA:61,2,0,0
BRDA:61,2,1,4
BRDA:84,3,0,0
BRDA:84,3,1,0
BRDA:84,4,0,0
BRDA:84,4,1,0
BRDA:137,5,0,0
BRDA:137,5,1,4
BRDA:150,6,0,4
BRDA:150,6,1,0
BRDA:157,7,0,0
BRDA:157,7,1,4
BRDA:169,8,0,4
BRDA:169,8,1,0
BRF:18
BRH:7
end_of_record
TN:
SF:D:\React-POC\react-ts-redux-saga-master\src\components\contact\ContactList.tsx
FN:35,ContactList
FN:52,(anonymous_1)
FN:58,(anonymous_2)
FN:61,(anonymous_3)
FNF:4
FNH:1
FNDA:4,ContactList
FNDA:0,(anonymous_1)
FNDA:0,(anonymous_2)
FNDA:0,(anonymous_3)
DA:19,2
DA:36,4
DA:38,4
DA:53,0
DA:58,0
DA:61,0
LF:6
LH:3
BRDA:40,0,0,0
BRDA:40,0,1,4
BRDA:40,1,0,4
BRDA:40,1,1,0
BRF:4
BRH:2
end_of_record
TN:
SF:D:\React-POC\react-ts-redux-saga-master\src\components\contact\ManageContact.tsx
FN:38,(anonymous_0)
FN:54,(anonymous_1)
FN:63,(anonymous_2)
FN:71,(anonymous_3)
FN:80,(anonymous_4)
FN:82,(anonymous_5)
FN:92,(anonymous_6)
FN:93,(anonymous_7)
FN:104,(anonymous_8)
FN:105,(anonymous_9)
FN:115,(anonymous_10)
FN:120,(anonymous_11)
FN:126,(anonymous_12)
FN:167,(anonymous_13)
FN:174,(anonymous_14)
FN:176,(anonymous_15)
FN:177,(anonymous_16)
FN:178,(anonymous_17)
FN:179,(anonymous_18)
FNF:19
FNH:6
FNDA:4,(anonymous_0)
FNDA:4,(anonymous_1)
FNDA:0,(anonymous_2)
FNDA:0,(anonymous_3)
FNDA:0,(anonymous_4)
FNDA:0,(anonymous_5)
FNDA:0,(anonymous_6)
FNDA:0,(anonymous_7)
FNDA:0,(anonymous_8)
FNDA:0,(anonymous_9)
FNDA:0,(anonymous_10)
FNDA:0,(anonymous_11)
FNDA:4,(anonymous_12)
FNDA:4,(anonymous_13)
FNDA:4,(anonymous_14)
FNDA:4,(anonymous_15)
FNDA:0,(anonymous_16)
FNDA:0,(anonymous_17)
FNDA:0,(anonymous_18)
DA:39,4
DA:40,4
DA:47,4
DA:48,4
DA:49,4
DA:50,4
DA:51,4
DA:55,4
DA:56,4
DA:64,0
DA:65,0
DA:66,0
DA:69,0
DA:71,0
DA:81,0
DA:82,0
DA:93,0
DA:97,0
DA:105,0
DA:116,0
DA:117,0
DA:120,0
DA:127,4
DA:128,4
DA:130,4
DA:131,0
DA:137,4
DA:167,2
DA:168,4
DA:169,4
DA:174,2
DA:175,4
DA:176,4
DA:177,0
DA:178,0
DA:179,0
LF:36
LH:19
BRDA:65,0,0,0
BRDA:65,0,1,0
BRDA:116,1,0,0
BRDA:116,1,1,0
BRDA:116,2,0,0
BRDA:116,2,1,0
BRDA:130,3,0,0
BRDA:130,3,1,4
BRDA:140,4,0,4
BRDA:140,4,1,0
BRF:10
BRH:2
end_of_record
TN:
SF:D:\React-POC\react-ts-redux-saga-master\src\components\contact\contactUtils.ts
FN:7,(anonymous_0)
FNF:1
FNH:0
FNDA:0,(anonymous_0)
DA:7,2
DA:8,0
DA:9,0
DA:10,0
DA:15,0
LF:5
LH:1
BRDA:9,0,0,0
BRDA:9,0,1,0
BRDA:9,1,0,0
BRDA:9,1,1,0
BRF:4
BRH:0
end_of_record
TN:
SF:D:\React-POC\react-ts-redux-saga-master\src\interface\contactInterface.ts
FNF:0
FNH:0
LF:0
LH:0
BRF:0
BRH:0
end_of_record
TN:
SF:D:\React-POC\react-ts-redux-saga-master\src\reducers\contactReducer.ts
FN:14,(anonymous_0)
FN:43,(anonymous_1)
FN:51,(anonymous_2)
FN:55,(anonymous_3)
FNF:4
FNH:0
FNDA:0,(anonymous_0)
FNDA:0,(anonymous_1)
FNDA:0,(anonymous_2)
FNDA:0,(anonymous_3)
DA:10,0
DA:14,0
DA:15,0
DA:17,0
DA:18,0
DA:21,0
DA:22,0
DA:25,0
DA:28,0
DA:29,0
DA:30,0
DA:37,0
DA:38,0
DA:42,0
DA:43,0
DA:47,0
DA:51,0
DA:52,0
DA:56,0
DA:57,0
DA:59,0
LF:21
LH:0
BRDA:14,0,0,0
BRDA:15,1,0,0
BRDA:15,1,1,0
BRDA:15,1,2,0
BRDA:15,1,3,0
BRDA:15,1,4,0
BRDA:15,1,5,0
BRDA:15,1,6,0
BRDA:56,2,0,0
BRDA:56,2,1,0
BRF:10
BRH:0
end_of_record
TN:
SF:D:\React-POC\react-ts-redux-saga-master\src\reducers\index.ts
FNF:0
FNH:0
LF:0
LH:0
BRF:0
BRH:0
end_of_record
TN:
SF:D:\React-POC\react-ts-redux-saga-master\src\sagas\contactSaga.ts
FN:16,getContactListAsync
FN:34,contactSaga
FNF:2
FNH:0
FNDA:0,getContactListAsync
FNDA:0,contactSaga
DA:17,0
DA:18,0
DA:19,0
DA:20,0
DA:21,0
DA:23,0
DA:27,0
DA:35,0
LF:8
LH:0
BRF:0
BRH:0
end_of_record
TN:
SF:D:\React-POC\react-ts-redux-saga-master\src\sagas\index.ts
FN:5,rootSaga
FNF:1
FNH:0
FNDA:0,rootSaga
DA:6,0
LF:1
LH:0
BRF:0
BRH:0
end_of_record
TN:
SF:D:\React-POC\react-ts-redux-saga-master\src\utils\enum.ts
FNF:0
FNH:0
LF:0
LH:0
BRF:0
BRH:0
end_of_record
TN:
SF:D:\React-POC\react-ts-redux-saga-master\src\utils\messages.ts
FNF:0
FNH:0
DA:1,3
LF:1
LH:1
BRF:0
BRH:0
end_of_record
